#
# There is insufficient memory for the Java Runtime Environment to continue.
# Cannot create GC thread. Out of system resources.
# Possible reasons:
#   The system is out of physical RAM or swap space
#   The process is running with CompressedOops enabled, and the Java Heap may be blocking the growth of the native heap
# Possible solutions:
#   Reduce memory load on the system
#   Increase physical memory or swap space
#   Check if swap backing store is full
#   Decrease Java heap size (-Xmx/-Xms)
#   Decrease number of Java threads
#   Decrease Java thread stack sizes (-Xss)
#   Set larger code cache with -XX:ReservedCodeCacheSize=
# This output file may be truncated or incomplete.
#
#  Out of Memory Error (gcTaskThread.cpp:48), pid=2569, tid=0x00007f6a1ed2b700
#
# JRE version:  (8.0_332-b09) (build )
# Java VM: OpenJDK 64-Bit Server VM (25.332-b09 mixed mode linux-amd64 compressed oops)
# Failed to write core dump. Core dumps have been disabled. To enable core dumping, try "ulimit -c unlimited" before starting Java again
#

---------------  T H R E A D  ---------------

Current thread (0x00007f6a1804f000):  JavaThread "Unknown thread" [_thread_in_vm, id=2570, stack(0x00007f6a1ec2c000,0x00007f6a1ed2c000)]

Stack: [0x00007f6a1ec2c000,0x00007f6a1ed2c000],  sp=0x00007f6a1ed2a7d0,  free space=1017k
Native frames: (J=compiled Java code, j=interpreted, Vv=VM code, C=native code)
V  [libjvm.so+0xb65ecd]  VMError::report_and_die()+0x1cd
V  [libjvm.so+0x5075aa]  report_vm_out_of_memory(char const*, int, unsigned long, VMErrorType, char const*)+0xaa
V  [libjvm.so+0x5df65f]  GCTaskThread::GCTaskThread(GCTaskManager*, unsigned int, unsigned int)+0x16f
V  [libjvm.so+0x5dede7]  GCTaskManager::initialize()+0x397
V  [libjvm.so+0x969524]  ParallelScavengeHeap::initialize()+0x394
V  [libjvm.so+0xb2ed19]  Universe::initialize_heap()+0x159
V  [libjvm.so+0xb2efc2]  universe_init()+0x42
V  [libjvm.so+0x643faf]  init_globals()+0x6f
V  [libjvm.so+0xb1120f]  Threads::create_vm(JavaVMInitArgs*, bool*)+0x29f
V  [libjvm.so+0x7171ed]  JNI_CreateJavaVM+0x5d
C  [libjli.so+0x3043]  JavaMain+0xa3
C  [libpthread.so.0+0x7ea5]  start_thread+0xc5


---------------  P R O C E S S  ---------------

Java Threads: ( => current thread )

Other Threads:

=>0x00007f6a1804f000 (exited) JavaThread "Unknown thread" [_thread_in_vm, id=2570, stack(0x00007f6a1ec2c000,0x00007f6a1ed2c000)]

VM state:not at safepoint (not fully initialized)

VM Mutex/Monitor currently owned by a thread: None

heap address: 0x00000003d5800000, size: 16040 MB, Compressed Oops mode: Non-zero based:0x00000003d57ff000, Oop shift amount: 3
Narrow klass base: 0x0000000000000000, Narrow klass shift: 0

GC Heap History (0 events):
No events

Deoptimization events (0 events):
No events

Classes redefined (0 events):
No events

Internal exceptions (0 events):
No events

Events (0 events):
No events


Dynamic libraries:
3d5800000-3ff580000 rw-p 00000000 00:00 0 
3ff580000-671d80000 ---p 00000000 00:00 0 
671d80000-686c00000 rw-p 00000000 00:00 0 
686c00000-7c0000000 ---p 00000000 00:00 0 
5600cf8a6000-5600cf8a7000 r-xp 00000000 103:03 201637761                 /usr/lib/jvm/java-1.8.0-openjdk-1.8.0.332.b09-1.el7_9.x86_64/bin/java
5600cfaa6000-5600cfaa7000 r--p 00000000 103:03 201637761                 /usr/lib/jvm/java-1.8.0-openjdk-1.8.0.332.b09-1.el7_9.x86_64/bin/java
5600cfaa7000-5600cfaa8000 rw-p 00001000 103:03 201637761                 /usr/lib/jvm/java-1.8.0-openjdk-1.8.0.332.b09-1.el7_9.x86_64/bin/java
5600d01c3000-5600d01e4000 rw-p 00000000 00:00 0                          [heap]
7f69fd982000-7f69fdc40000 rw-p 00000000 00:00 0 
7f69fdc40000-7f69fdc41000 ---p 00000000 00:00 0 
7f69fdc41000-7f69fdd41000 rw-p 00000000 00:00 0 
7f69fdd41000-7f69fdd42000 ---p 00000000 00:00 0 
7f69fdd42000-7f69fde42000 rw-p 00000000 00:00 0 
7f69fde42000-7f69fde43000 ---p 00000000 00:00 0 
7f69fde43000-7f69fdf43000 rw-p 00000000 00:00 0 
7f69fdf43000-7f69fdf44000 ---p 00000000 00:00 0 
7f69fdf44000-7f69fe044000 rw-p 00000000 00:00 0 
7f69fe044000-7f69fe045000 ---p 00000000 00:00 0 
7f69fe045000-7f69fe145000 rw-p 00000000 00:00 0 
7f69fe145000-7f69fe146000 ---p 00000000 00:00 0 
7f69fe146000-7f69fe246000 rw-p 00000000 00:00 0 
7f69fe246000-7f69fe247000 ---p 00000000 00:00 0 
7f69fe247000-7f69fe347000 rw-p 00000000 00:00 0 
7f69fe347000-7f69fe348000 ---p 00000000 00:00 0 
7f69fe348000-7f69fe448000 rw-p 00000000 00:00 0 
7f69fe448000-7f69fe449000 ---p 00000000 00:00 0 
7f69fe449000-7f69fe549000 rw-p 00000000 00:00 0 
7f69fe549000-7f69fe54a000 ---p 00000000 00:00 0 
7f69fe54a000-7f69fe799000 rw-p 00000000 00:00 0 
7f69fe799000-7f69ffb2d000 ---p 00000000 00:00 0 
7f69ffb2d000-7f69ffc7c000 rw-p 00000000 00:00 0 
7f69ffc7c000-7f6a0100f000 ---p 00000000 00:00 0 
7f6a0100f000-7f6a010b7000 rw-p 00000000 00:00 0 
7f6a010b7000-7f6a01a81000 ---p 00000000 00:00 0 
7f6a01a81000-7f6a01a8c000 rw-p 00000000 00:00 0 
7f6a01a8c000-7f6a01e42000 ---p 00000000 00:00 0 
7f6a01e42000-7f6a020b2000 rwxp 00000000 00:00 0 
7f6a020b2000-7f6a10e42000 ---p 00000000 00:00 0 
7f6a10e42000-7f6a10e4a000 r-xp 00000000 103:03 134835243                 /usr/lib/jvm/java-1.8.0-openjdk-1.8.0.332.b09-1.el7_9.x86_64/jre/lib/amd64/libzip.so
7f6a10e4a000-7f6a11049000 ---p 00008000 103:03 134835243                 /usr/lib/jvm/java-1.8.0-openjdk-1.8.0.332.b09-1.el7_9.x86_64/jre/lib/amd64/libzip.so
7f6a11049000-7f6a1104a000 r--p 00007000 103:03 134835243                 /usr/lib/jvm/java-1.8.0-openjdk-1.8.0.332.b09-1.el7_9.x86_64/jre/lib/amd64/libzip.so
7f6a1104a000-7f6a1104b000 rw-p 00008000 103:03 134835243                 /usr/lib/jvm/java-1.8.0-openjdk-1.8.0.332.b09-1.el7_9.x86_64/jre/lib/amd64/libzip.so
7f6a1104b000-7f6a11057000 r-xp 00000000 103:03 134693085                 /usr/lib64/libnss_ldap.so.2
7f6a11057000-7f6a11256000 ---p 0000c000 103:03 134693085                 /usr/lib64/libnss_ldap.so.2
7f6a11256000-7f6a11257000 r--p 0000b000 103:03 134693085                 /usr/lib64/libnss_ldap.so.2
7f6a11257000-7f6a11258000 rw-p 0000c000 103:03 134693085                 /usr/lib64/libnss_ldap.so.2
7f6a11258000-7f6a1126f000 r-xp 00000000 103:03 134341076                 /usr/lib64/libnsl-2.17.so
7f6a1126f000-7f6a1146e000 ---p 00017000 103:03 134341076                 /usr/lib64/libnsl-2.17.so
7f6a1146e000-7f6a1146f000 r--p 00016000 103:03 134341076                 /usr/lib64/libnsl-2.17.so
7f6a1146f000-7f6a11470000 rw-p 00017000 103:03 134341076                 /usr/lib64/libnsl-2.17.so
7f6a11470000-7f6a11472000 rw-p 00000000 00:00 0 
7f6a11472000-7f6a1147b000 r-xp 00000000 103:03 134341078                 /usr/lib64/libnss_compat-2.17.so
7f6a1147b000-7f6a1167a000 ---p 00009000 103:03 134341078                 /usr/lib64/libnss_compat-2.17.so
7f6a1167a000-7f6a1167b000 r--p 00008000 103:03 134341078                 /usr/lib64/libnss_compat-2.17.so
7f6a1167b000-7f6a1167c000 rw-p 00009000 103:03 134341078                 /usr/lib64/libnss_compat-2.17.so
7f6a1167c000-7f6a17bbf000 r--p 00000000 103:03 134341059                 /usr/lib/locale/locale-archive
7f6a17bbf000-7f6a17bc1000 r-xp 00000000 103:03 134835237                 /usr/lib/jvm/java-1.8.0-openjdk-1.8.0.332.b09-1.el7_9.x86_64/jre/lib/amd64/libnpt.so
7f6a17bc1000-7f6a17dc1000 ---p 00002000 103:03 134835237                 /usr/lib/jvm/java-1.8.0-openjdk-1.8.0.332.b09-1.el7_9.x86_64/jre/lib/amd64/libnpt.so
7f6a17dc1000-7f6a17dc2000 r--p 00002000 103:03 134835237                 /usr/lib/jvm/java-1.8.0-openjdk-1.8.0.332.b09-1.el7_9.x86_64/jre/lib/amd64/libnpt.so
7f6a17dc2000-7f6a17dc3000 rw-p 00003000 103:03 134835237                 /usr/lib/jvm/java-1.8.0-openjdk-1.8.0.332.b09-1.el7_9.x86_64/jre/lib/amd64/libnpt.so
7f6a17dc3000-7f6a17dfe000 r-xp 00000000 103:03 134835228                 /usr/lib/jvm/java-1.8.0-openjdk-1.8.0.332.b09-1.el7_9.x86_64/jre/lib/amd64/libjdwp.so
7f6a17dfe000-7f6a17ffe000 ---p 0003b000 103:03 134835228                 /usr/lib/jvm/java-1.8.0-openjdk-1.8.0.332.b09-1.el7_9.x86_64/jre/lib/amd64/libjdwp.so
7f6a17ffe000-7f6a17fff000 r--p 0003b000 103:03 134835228                 /usr/lib/jvm/java-1.8.0-openjdk-1.8.0.332.b09-1.el7_9.x86_64/jre/lib/amd64/libjdwp.so
7f6a17fff000-7f6a18000000 rw-p 0003c000 103:03 134835228                 /usr/lib/jvm/java-1.8.0-openjdk-1.8.0.332.b09-1.el7_9.x86_64/jre/lib/amd64/libjdwp.so
7f6a18000000-7f6a1808b000 rw-p 00000000 00:00 0 
7f6a1808b000-7f6a1c000000 ---p 00000000 00:00 0 
7f6a1c01e000-7f6a1c048000 r-xp 00000000 103:03 134835222                 /usr/lib/jvm/java-1.8.0-openjdk-1.8.0.332.b09-1.el7_9.x86_64/jre/lib/amd64/libjava.so
7f6a1c048000-7f6a1c247000 ---p 0002a000 103:03 134835222                 /usr/lib/jvm/java-1.8.0-openjdk-1.8.0.332.b09-1.el7_9.x86_64/jre/lib/amd64/libjava.so
7f6a1c247000-7f6a1c248000 r--p 00029000 103:03 134835222                 /usr/lib/jvm/java-1.8.0-openjdk-1.8.0.332.b09-1.el7_9.x86_64/jre/lib/amd64/libjava.so
7f6a1c248000-7f6a1c24a000 rw-p 0002a000 103:03 134835222                 /usr/lib/jvm/java-1.8.0-openjdk-1.8.0.332.b09-1.el7_9.x86_64/jre/lib/amd64/libjava.so
7f6a1c24a000-7f6a1c257000 r-xp 00000000 103:03 134835242                 /usr/lib/jvm/java-1.8.0-openjdk-1.8.0.332.b09-1.el7_9.x86_64/jre/lib/amd64/libverify.so
7f6a1c257000-7f6a1c456000 ---p 0000d000 103:03 134835242                 /usr/lib/jvm/java-1.8.0-openjdk-1.8.0.332.b09-1.el7_9.x86_64/jre/lib/amd64/libverify.so
7f6a1c456000-7f6a1c458000 r--p 0000c000 103:03 134835242                 /usr/lib/jvm/java-1.8.0-openjdk-1.8.0.332.b09-1.el7_9.x86_64/jre/lib/amd64/libverify.so
7f6a1c458000-7f6a1c459000 rw-p 0000e000 103:03 134835242                 /usr/lib/jvm/java-1.8.0-openjdk-1.8.0.332.b09-1.el7_9.x86_64/jre/lib/amd64/libverify.so
7f6a1c459000-7f6a1c460000 r-xp 00000000 103:03 134341160                 /usr/lib64/librt-2.17.so
7f6a1c460000-7f6a1c65f000 ---p 00007000 103:03 134341160                 /usr/lib64/librt-2.17.so
7f6a1c65f000-7f6a1c660000 r--p 00006000 103:03 134341160                 /usr/lib64/librt-2.17.so
7f6a1c660000-7f6a1c661000 rw-p 00007000 103:03 134341160                 /usr/lib64/librt-2.17.so
7f6a1c661000-7f6a1c676000 r-xp 00000000 103:03 134299752                 /usr/lib64/libgcc_s-4.8.5-20150702.so.1
7f6a1c676000-7f6a1c875000 ---p 00015000 103:03 134299752                 /usr/lib64/libgcc_s-4.8.5-20150702.so.1
7f6a1c875000-7f6a1c876000 r--p 00014000 103:03 134299752                 /usr/lib64/libgcc_s-4.8.5-20150702.so.1
7f6a1c876000-7f6a1c877000 rw-p 00015000 103:03 134299752                 /usr/lib64/libgcc_s-4.8.5-20150702.so.1
7f6a1c877000-7f6a1c978000 r-xp 00000000 103:03 134341074                 /usr/lib64/libm-2.17.so
7f6a1c978000-7f6a1cb77000 ---p 00101000 103:03 134341074                 /usr/lib64/libm-2.17.so
7f6a1cb77000-7f6a1cb78000 r--p 00100000 103:03 134341074                 /usr/lib64/libm-2.17.so
7f6a1cb78000-7f6a1cb79000 rw-p 00101000 103:03 134341074                 /usr/lib64/libm-2.17.so
7f6a1cb79000-7f6a1cc62000 r-xp 00000000 103:03 134341328                 /usr/lib64/libstdc++.so.6.0.19
7f6a1cc62000-7f6a1ce62000 ---p 000e9000 103:03 134341328                 /usr/lib64/libstdc++.so.6.0.19
7f6a1ce62000-7f6a1ce6a000 r--p 000e9000 103:03 134341328                 /usr/lib64/libstdc++.so.6.0.19
7f6a1ce6a000-7f6a1ce6c000 rw-p 000f1000 103:03 134341328                 /usr/lib64/libstdc++.so.6.0.19
7f6a1ce6c000-7f6a1ce81000 rw-p 00000000 00:00 0 
7f6a1ce81000-7f6a1dc1e000 r-xp 00000000 103:03 67116791                  /usr/lib/jvm/java-1.8.0-openjdk-1.8.0.332.b09-1.el7_9.x86_64/jre/lib/amd64/server/libjvm.so
7f6a1dc1e000-7f6a1de1d000 ---p 00d9d000 103:03 67116791                  /usr/lib/jvm/java-1.8.0-openjdk-1.8.0.332.b09-1.el7_9.x86_64/jre/lib/amd64/server/libjvm.so
7f6a1de1d000-7f6a1decb000 r--p 00d9c000 103:03 67116791                  /usr/lib/jvm/java-1.8.0-openjdk-1.8.0.332.b09-1.el7_9.x86_64/jre/lib/amd64/server/libjvm.so
7f6a1decb000-7f6a1def6000 rw-p 00e4a000 103:03 67116791                  /usr/lib/jvm/java-1.8.0-openjdk-1.8.0.332.b09-1.el7_9.x86_64/jre/lib/amd64/server/libjvm.so
7f6a1def6000-7f6a1df2c000 rw-p 00000000 00:00 0 
7f6a1df2c000-7f6a1e0f0000 r-xp 00000000 103:03 134341066                 /usr/lib64/libc-2.17.so
7f6a1e0f0000-7f6a1e2ef000 ---p 001c4000 103:03 134341066                 /usr/lib64/libc-2.17.so
7f6a1e2ef000-7f6a1e2f3000 r--p 001c3000 103:03 134341066                 /usr/lib64/libc-2.17.so
7f6a1e2f3000-7f6a1e2f5000 rw-p 001c7000 103:03 134341066                 /usr/lib64/libc-2.17.so
7f6a1e2f5000-7f6a1e2fa000 rw-p 00000000 00:00 0 
7f6a1e2fa000-7f6a1e2fc000 r-xp 00000000 103:03 134341072                 /usr/lib64/libdl-2.17.so
7f6a1e2fc000-7f6a1e4fc000 ---p 00002000 103:03 134341072                 /usr/lib64/libdl-2.17.so
7f6a1e4fc000-7f6a1e4fd000 r--p 00002000 103:03 134341072                 /usr/lib64/libdl-2.17.so
7f6a1e4fd000-7f6a1e4fe000 rw-p 00003000 103:03 134341072                 /usr/lib64/libdl-2.17.so
7f6a1e4fe000-7f6a1e50c000 r-xp 00000000 103:03 3958121                   /usr/lib/jvm/java-1.8.0-openjdk-1.8.0.332.b09-1.el7_9.x86_64/lib/amd64/jli/libjli.so
7f6a1e50c000-7f6a1e70b000 ---p 0000e000 103:03 3958121                   /usr/lib/jvm/java-1.8.0-openjdk-1.8.0.332.b09-1.el7_9.x86_64/lib/amd64/jli/libjli.so
7f6a1e70b000-7f6a1e70c000 r--p 0000d000 103:03 3958121                   /usr/lib/jvm/java-1.8.0-openjdk-1.8.0.332.b09-1.el7_9.x86_64/lib/amd64/jli/libjli.so
7f6a1e70c000-7f6a1e70d000 rw-p 0000e000 103:03 3958121                   /usr/lib/jvm/java-1.8.0-openjdk-1.8.0.332.b09-1.el7_9.x86_64/lib/amd64/jli/libjli.so
7f6a1e70d000-7f6a1e722000 r-xp 00000000 103:03 134311068                 /usr/lib64/libz.so.1.2.7
7f6a1e722000-7f6a1e921000 ---p 00015000 103:03 134311068                 /usr/lib64/libz.so.1.2.7
7f6a1e921000-7f6a1e922000 r--p 00014000 103:03 134311068                 /usr/lib64/libz.so.1.2.7
7f6a1e922000-7f6a1e923000 rw-p 00015000 103:03 134311068                 /usr/lib64/libz.so.1.2.7
7f6a1e923000-7f6a1e93a000 r-xp 00000000 103:03 134341156                 /usr/lib64/libpthread-2.17.so
7f6a1e93a000-7f6a1eb39000 ---p 00017000 103:03 134341156                 /usr/lib64/libpthread-2.17.so
7f6a1eb39000-7f6a1eb3a000 r--p 00016000 103:03 134341156                 /usr/lib64/libpthread-2.17.so
7f6a1eb3a000-7f6a1eb3b000 rw-p 00017000 103:03 134341156                 /usr/lib64/libpthread-2.17.so
7f6a1eb3b000-7f6a1eb3f000 rw-p 00000000 00:00 0 
7f6a1eb3f000-7f6a1eb61000 r-xp 00000000 103:03 134311028                 /usr/lib64/ld-2.17.so
7f6a1ebea000-7f6a1ec2b000 rw-p 00000000 00:00 0 
7f6a1ec2b000-7f6a1ec2f000 ---p 00000000 00:00 0 
7f6a1ec2f000-7f6a1ed31000 rw-p 00000000 00:00 0 
7f6a1ed52000-7f6a1ed55000 rw-p 00000000 00:00 0 
7f6a1ed55000-7f6a1ed5d000 rw-s 00000000 103:03 75323816                  /tmp/hsperfdata_tzhu2/2569
7f6a1ed5d000-7f6a1ed5e000 rw-p 00000000 00:00 0 
7f6a1ed5e000-7f6a1ed5f000 r--p 00000000 00:00 0 
7f6a1ed5f000-7f6a1ed60000 rw-p 00000000 00:00 0 
7f6a1ed60000-7f6a1ed61000 r--p 00021000 103:03 134311028                 /usr/lib64/ld-2.17.so
7f6a1ed61000-7f6a1ed62000 rw-p 00022000 103:03 134311028                 /usr/lib64/ld-2.17.so
7f6a1ed62000-7f6a1ed63000 rw-p 00000000 00:00 0 
7ffc96a28000-7ffc96a4a000 rw-p 00000000 00:00 0                          [stack]
7ffc96ac7000-7ffc96ac9000 r-xp 00000000 00:00 0                          [vdso]
ffffffffff600000-ffffffffff601000 r-xp 00000000 00:00 0                  [vsyscall]

VM Arguments:
jvm_args: -agentlib:jdwp=transport=dt_socket,server=n,suspend=y,address=localhost:46639 
java_command: Subsets
java_class_path (initial): /DCNFS/users/student/tzhu2/.config/Code/User/workspaceStorage/08b445d51ffe04c27a342e3ea95dec8e/redhat.java/jdt_ws/educative_91b26e18/bin
Launcher Type: SUN_STANDARD

Environment Variables:
PATH=/usr/lib64/qt-3.3/bin:/sbin:/bin:/usr/sbin:/usr/bin:/usr/local/sbin:/usr/local/bin:/usr/lib:/usr/bin/X11:/usr/local/bin:/usr/lib:/usr/bin/X11:/usr/local/bin
USERNAME=tzhu2
SHELL=/bin/bash
DISPLAY=:0

Signal Handlers:
SIGSEGV: [libjvm.so+0xb66910], sa_mask[0]=11111111011111111101111111111110, sa_flags=SA_RESTART|SA_SIGINFO
SIGBUS: [libjvm.so+0xb66910], sa_mask[0]=11111111011111111101111111111110, sa_flags=SA_RESTART|SA_SIGINFO
SIGFPE: [libjvm.so+0x93c5c0], sa_mask[0]=11111111011111111101111111111110, sa_flags=SA_RESTART|SA_SIGINFO
SIGPIPE: [libjvm.so+0x93c5c0], sa_mask[0]=11111111011111111101111111111110, sa_flags=SA_RESTART|SA_SIGINFO
SIGXFSZ: [libjvm.so+0x93c5c0], sa_mask[0]=11111111011111111101111111111110, sa_flags=SA_RESTART|SA_SIGINFO
SIGILL: [libjvm.so+0x93c5c0], sa_mask[0]=11111111011111111101111111111110, sa_flags=SA_RESTART|SA_SIGINFO
SIGUSR1: SIG_DFL, sa_mask[0]=00000000000000000000000000000000, sa_flags=none
SIGUSR2: [libjvm.so+0x93c730], sa_mask[0]=00000000000000000000000000000000, sa_flags=SA_RESTART|SA_SIGINFO
SIGHUP: SIG_DFL, sa_mask[0]=00000000000000000000000000000000, sa_flags=none
SIGINT: SIG_DFL, sa_mask[0]=00000000000000000000000000000000, sa_flags=none
SIGTERM: SIG_DFL, sa_mask[0]=00000000000000000000000000000000, sa_flags=none
SIGQUIT: SIG_DFL, sa_mask[0]=00000000000000000000000000000000, sa_flags=none


---------------  S Y S T E M  ---------------

OS:CentOS Linux release 7.9.2009 (Core)

uname:Linux 3.10.0-1160.66.1.el7.x86_64 #1 SMP Wed May 18 16:02:34 UTC 2022 x86_64
libc:glibc 2.17 NPTL 2.17 
rlimit: STACK 8192k, CORE 0k, NPROC 1024, NOFILE 4096, AS infinity
load average:0.53 0.41 0.35

/proc/meminfo:
MemTotal:       65695580 kB
MemFree:        57912860 kB
MemAvailable:   59057884 kB
Buffers:              32 kB
Cached:          1961424 kB
SwapCached:       113116 kB
Active:          4617532 kB
Inactive:        1761972 kB
Active(anon):    3911716 kB
Inactive(anon):  1028828 kB
Active(file):     705816 kB
Inactive(file):   733144 kB
Unevictable:          16 kB
Mlocked:              16 kB
SwapTotal:       2097148 kB
SwapFree:         998008 kB
Dirty:               308 kB
Writeback:             4 kB
AnonPages:       4310708 kB
Mapped:           376584 kB
Shmem:            522900 kB
Slab:             421648 kB
SReclaimable:     243028 kB
SUnreclaim:       178620 kB
KernelStack:       24544 kB
PageTables:       101968 kB
NFS_Unstable:          4 kB
Bounce:                0 kB
WritebackTmp:          0 kB
CommitLimit:    34944936 kB
Committed_AS:   21002360 kB
VmallocTotal:   34359738367 kB
VmallocUsed:      436520 kB
VmallocChunk:   34358945788 kB
Percpu:             5376 kB
HardwareCorrupted:     0 kB
AnonHugePages:   1593344 kB
CmaTotal:              0 kB
CmaFree:               0 kB
HugePages_Total:       0
HugePages_Free:        0
HugePages_Rsvd:        0
HugePages_Surp:        0
Hugepagesize:       2048 kB
DirectMap4k:     1045964 kB
DirectMap2M:    25935872 kB
DirectMap1G:    39845888 kB

container (cgroup) information:
container_type: cgroupv1
cpu_cpuset_cpus: 0-15
cpu_memory_nodes: 0
active_processor_count: 16
cpu_quota: -1
cpu_period: 100000
cpu_shares: -1
memory_limit_in_bytes: -1
memory_and_swap_limit_in_bytes: -1
memory_soft_limit_in_bytes: -1
memory_usage_in_bytes: 5836075008
memory_max_usage_in_bytes: 64894582784


CPU:total 16 (initial active 16) (8 cores per cpu, 2 threads per core) family 6 model 167 stepping 1, cmov, cx8, fxsr, mmx, sse, sse2, sse3, ssse3, sse4.1, sse4.2, popcnt, avx, avx2, aes, clmul, erms, 3dnowpref, lzcnt, ht, tsc, tscinvbit, bmi1, bmi2, adx

/proc/cpuinfo:
processor	: 0
vendor_id	: GenuineIntel
cpu family	: 6
model		: 167
model name	: 11th Gen Intel(R) Core(TM) i9-11900 @ 2.50GHz
stepping	: 1
microcode	: 0x50
cpu MHz		: 4046.630
cache size	: 16384 KB
physical id	: 0
siblings	: 16
core id		: 0
cpu cores	: 8
apicid		: 0
initial apicid	: 0
fpu		: yes
fpu_exception	: yes
cpuid level	: 27
wp		: yes
flags		: fpu vme de pse tsc msr pae mce cx8 apic sep mtrr pge mca cmov pat pse36 clflush dts acpi mmx fxsr sse sse2 ss ht tm pbe syscall nx pdpe1gb rdtscp lm constant_tsc art arch_perfmon pebs bts rep_good nopl xtopology nonstop_tsc aperfmperf eagerfpu pni pclmulqdq dtes64 monitor ds_cpl vmx smx est tm2 ssse3 sdbg fma cx16 xtpr pdcm pcid sse4_1 sse4_2 x2apic movbe popcnt tsc_deadline_timer aes xsave avx f16c rdrand lahf_lm abm 3dnowprefetch epb invpcid_single intel_pt ssbd ibrs ibpb stibp ibrs_enhanced tpr_shadow vnmi flexpriority ept vpid fsgsbase tsc_adjust bmi1 avx2 smep bmi2 erms invpcid mpx avx512f avx512dq rdseed adx smap avx512ifma clflushopt avx512cd sha_ni avx512bw avx512vl xsaveopt xsavec xgetbv1 dtherm ida arat pln pts hwp hwp_notify hwp_act_window hwp_epp hwp_pkg_req avx512vbmi umip pku ospke avx512_vbmi2 gfni vaes vpclmulqdq avx512_vnni avx512_bitalg avx512_vpopcntdq md_clear spec_ctrl intel_stibp flush_l1d arch_capabilities
bogomips	: 4992.00
clflush size	: 64
cache_alignment	: 64
address sizes	: 39 bits physical, 48 bits virtual
power management:

processor	: 1
vendor_id	: GenuineIntel
cpu family	: 6
model		: 167
model name	: 11th Gen Intel(R) Core(TM) i9-11900 @ 2.50GHz
stepping	: 1
microcode	: 0x50
cpu MHz		: 4461.364
cache size	: 16384 KB
physical id	: 0
siblings	: 16
core id		: 1
cpu cores	: 8
apicid		: 2
initial apicid	: 2
fpu		: yes
fpu_exception	: yes
cpuid level	: 27
wp		: yes
flags		: fpu vme de pse tsc msr pae mce cx8 apic sep mtrr pge mca cmov pat pse36 clflush dts acpi mmx fxsr sse sse2 ss ht tm pbe syscall nx pdpe1gb rdtscp lm constant_tsc art arch_perfmon pebs bts rep_good nopl xtopology nonstop_tsc aperfmperf eagerfpu pni pclmulqdq dtes64 monitor ds_cpl vmx smx est tm2 ssse3 sdbg fma cx16 xtpr pdcm pcid sse4_1 sse4_2 x2apic movbe popcnt tsc_deadline_timer aes xsave avx f16c rdrand lahf_lm abm 3dnowprefetch epb invpcid_single intel_pt ssbd ibrs ibpb stibp ibrs_enhanced tpr_shadow vnmi flexpriority ept vpid fsgsbase tsc_adjust bmi1 avx2 smep bmi2 erms invpcid mpx avx512f avx512dq rdseed adx smap avx512ifma clflushopt avx512cd sha_ni avx512bw avx512vl xsaveopt xsavec xgetbv1 dtherm ida arat pln pts hwp hwp_notify hwp_act_window hwp_epp hwp_pkg_req avx512vbmi umip pku ospke avx512_vbmi2 gfni vaes vpclmulqdq avx512_vnni avx512_bitalg avx512_vpopcntdq md_clear spec_ctrl intel_stibp flush_l1d arch_capabilities
bogomips	: 4992.00
clflush size	: 64
cache_alignment	: 64
address sizes	: 39 bits physical, 48 bits virtual
power management:

processor	: 2
vendor_id	: GenuineIntel
cpu family	: 6
model		: 167
model name	: 11th Gen Intel(R) Core(TM) i9-11900 @ 2.50GHz
stepping	: 1
microcode	: 0x50
cpu MHz		: 4408.264
cache size	: 16384 KB
physical id	: 0
siblings	: 16
core id		: 2
cpu cores	: 8
apicid		: 4
initial apicid	: 4
fpu		: yes
fpu_exception	: yes
cpuid level	: 27
wp		: yes
flags		: fpu vme de pse tsc msr pae mce cx8 apic sep mtrr pge mca cmov pat pse36 clflush dts acpi mmx fxsr sse sse2 ss ht tm pbe syscall nx pdpe1gb rdtscp lm constant_tsc art arch_perfmon pebs bts rep_good nopl xtopology nonstop_tsc aperfmperf eagerfpu pni pclmulqdq dtes64 monitor ds_cpl vmx smx est tm2 ssse3 sdbg fma cx16 xtpr pdcm pcid sse4_1 sse4_2 x2apic movbe popcnt tsc_deadline_timer aes xsave avx f16c rdrand lahf_lm abm 3dnowprefetch epb invpcid_single intel_pt ssbd ibrs ibpb stibp ibrs_enhanced tpr_shadow vnmi flexpriority ept vpid fsgsbase tsc_adjust bmi1 avx2 smep bmi2 erms invpcid mpx avx512f avx512dq rdseed adx smap avx512ifma clflushopt avx512cd sha_ni avx512bw avx512vl xsaveopt xsavec xgetbv1 dtherm ida arat pln pts hwp hwp_notify hwp_act_window hwp_epp hwp_pkg_req avx512vbmi umip pku ospke avx512_vbmi2 gfni vaes vpclmulqdq avx512_vnni avx512_bitalg avx512_vpopcntdq md_clear spec_ctrl intel_stibp flush_l1d arch_capabilities
bogomips	: 4992.00
clflush size	: 64
cache_alignment	: 64
address sizes	: 39 bits physical, 48 bits virtual
power management:

processor	: 3
vendor_id	: GenuineIntel
cpu family	: 6
model		: 167
model name	: 11th Gen Intel(R) Core(TM) i9-11900 @ 2.50GHz
stepping	: 1
microcode	: 0x50
cpu MHz		: 4126.739
cache size	: 16384 KB
physical id	: 0
siblings	: 16
core id		: 3
cpu cores	: 8
apicid		: 6
initial apicid	: 6
fpu		: yes
fpu_exception	: yes
cpuid level	: 27
wp		: yes
flags		: fpu vme de pse tsc msr pae mce cx8 apic sep mtrr pge mca cmov pat pse36 clflush dts acpi mmx fxsr sse sse2 ss ht tm pbe syscall nx pdpe1gb rdtscp lm constant_tsc art arch_perfmon pebs bts rep_good nopl xtopology nonstop_tsc aperfmperf eagerfpu pni pclmulqdq dtes64 monitor ds_cpl vmx smx est tm2 ssse3 sdbg fma cx16 xtpr pdcm pcid sse4_1 sse4_2 x2apic movbe popcnt tsc_deadline_timer aes xsave avx f16c rdrand lahf_lm abm 3dnowprefetch epb invpcid_single intel_pt ssbd ibrs ibpb stibp ibrs_enhanced tpr_shadow vnmi flexpriority ept vpid fsgsbase tsc_adjust bmi1 avx2 smep bmi2 erms invpcid mpx avx512f avx512dq rdseed adx smap avx512ifma clflushopt avx512cd sha_ni avx512bw avx512vl xsaveopt xsavec xgetbv1 dtherm ida arat pln pts hwp hwp_notify hwp_act_window hwp_epp hwp_pkg_req avx512vbmi umip pku ospke avx512_vbmi2 gfni vaes vpclmulqdq avx512_vnni avx512_bitalg avx512_vpopcntdq md_clear spec_ctrl intel_stibp flush_l1d arch_capabilities
bogomips	: 4992.00
clflush size	: 64
cache_alignment	: 64
address sizes	: 39 bits physical, 48 bits virtual
power management:

processor	: 4
vendor_id	: GenuineIntel
cpu family	: 6
model		: 167
model name	: 11th Gen Intel(R) Core(TM) i9-11900 @ 2.50GHz
stepping	: 1
microcode	: 0x50
cpu MHz		: 3869.171
cache size	: 16384 KB
physical id	: 0
siblings	: 16
core id		: 4
cpu cores	: 8
apicid		: 8
initial apicid	: 8
fpu		: yes
fpu_exception	: yes
cpuid level	: 27
wp		: yes
flags		: fpu vme de pse tsc msr pae mce cx8 apic sep mtrr pge mca cmov pat pse36 clflush dts acpi mmx fxsr sse sse2 ss ht tm pbe syscall nx pdpe1gb rdtscp lm constant_tsc art arch_perfmon pebs bts rep_good nopl xtopology nonstop_tsc aperfmperf eagerfpu pni pclmulqdq dtes64 monitor ds_cpl vmx smx est tm2 ssse3 sdbg fma cx16 xtpr pdcm pcid sse4_1 sse4_2 x2apic movbe popcnt tsc_deadline_timer aes xsave avx f16c rdrand lahf_lm abm 3dnowprefetch epb invpcid_single intel_pt ssbd ibrs ibpb stibp ibrs_enhanced tpr_shadow vnmi flexpriority ept vpid fsgsbase tsc_adjust bmi1 avx2 smep bmi2 erms invpcid mpx avx512f avx512dq rdseed adx smap avx512ifma clflushopt avx512cd sha_ni avx512bw avx512vl xsaveopt xsavec xgetbv1 dtherm ida arat pln pts hwp hwp_notify hwp_act_window hwp_epp hwp_pkg_req avx512vbmi umip pku ospke avx512_vbmi2 gfni vaes vpclmulqdq avx512_vnni avx512_bitalg avx512_vpopcntdq md_clear spec_ctrl intel_stibp flush_l1d arch_capabilities
bogomips	: 4992.00
clflush size	: 64
cache_alignment	: 64
address sizes	: 39 bits physical, 48 bits virtual
power management:

processor	: 5
vendor_id	: GenuineIntel
cpu family	: 6
model		: 167
model name	: 11th Gen Intel(R) Core(TM) i9-11900 @ 2.50GHz
stepping	: 1
microcode	: 0x50
cpu MHz		: 2865.600
cache size	: 16384 KB
physical id	: 0
siblings	: 16
core id		: 5
cpu cores	: 8
apicid		: 10
initial apicid	: 10
fpu		: yes
fpu_exception	: yes
cpuid level	: 27
wp		: yes
flags		: fpu vme de pse tsc msr pae mce cx8 apic sep mtrr pge mca cmov pat pse36 clflush dts acpi mmx fxsr sse sse2 ss ht tm pbe syscall nx pdpe1gb rdtscp lm constant_tsc art arch_perfmon pebs bts rep_good nopl xtopology nonstop_tsc aperfmperf eagerfpu pni pclmulqdq dtes64 monitor ds_cpl vmx smx est tm2 ssse3 sdbg fma cx16 xtpr pdcm pcid sse4_1 sse4_2 x2apic movbe popcnt tsc_deadline_timer aes xsave avx f16c rdrand lahf_lm abm 3dnowprefetch epb invpcid_single intel_pt ssbd ibrs ibpb stibp ibrs_enhanced tpr_shadow vnmi flexpriority ept vpid fsgsbase tsc_adjust bmi1 avx2 smep bmi2 erms invpcid mpx avx512f avx512dq rdseed adx smap avx512ifma clflushopt avx512cd sha_ni avx512bw avx512vl xsaveopt xsavec xgetbv1 dtherm ida arat pln pts hwp hwp_notify hwp_act_window hwp_epp hwp_pkg_req avx512vbmi umip pku ospke avx512_vbmi2 gfni vaes vpclmulqdq avx512_vnni avx512_bitalg avx512_vpopcntdq md_clear spec_ctrl intel_stibp flush_l1d arch_capabilities
bogomips	: 4992.00
clflush size	: 64
cache_alignment	: 64
address sizes	: 39 bits physical, 48 bits virtual
power management:

processor	: 6
vendor_id	: GenuineIntel
cpu family	: 6
model		: 167
model name	: 11th Gen Intel(R) Core(TM) i9-11900 @ 2.50GHz
stepping	: 1
microcode	: 0x50
cpu MHz		: 3774.719
cache size	: 16384 KB
physical id	: 0
siblings	: 16
core id		: 6
cpu cores	: 8
apicid		: 12
initial apicid	: 12
fpu		: yes
fpu_exception	: yes
cpuid level	: 27
wp		: yes
flags		: fpu vme de pse tsc msr pae mce cx8 apic sep mtrr pge mca cmov pat pse36 clflush dts acpi mmx fxsr sse sse2 ss ht tm pbe syscall nx pdpe1gb rdtscp lm constant_tsc art arch_perfmon pebs bts rep_good nopl xtopology nonstop_tsc aperfmperf eagerfpu pni pclmulqdq dtes64 monitor ds_cpl vmx smx est tm2 ssse3 sdbg fma cx16 xtpr pdcm pcid sse4_1 sse4_2 x2apic movbe popcnt tsc_deadline_timer aes xsave avx f16c rdrand lahf_lm abm 3dnowprefetch epb invpcid_single intel_pt ssbd ibrs ibpb stibp ibrs_enhanced tpr_shadow vnmi flexpriority ept vpid fsgsbase tsc_adjust bmi1 avx2 smep bmi2 erms invpcid mpx avx512f avx512dq rdseed adx smap avx512ifma clflushopt avx512cd sha_ni avx512bw avx512vl xsaveopt xsavec xgetbv1 dtherm ida arat pln pts hwp hwp_notify hwp_act_window hwp_epp hwp_pkg_req avx512vbmi umip pku ospke avx512_vbmi2 gfni vaes vpclmulqdq avx512_vnni avx512_bitalg avx512_vpopcntdq md_clear spec_ctrl intel_stibp flush_l1d arch_capabilities
bogomips	: 4992.00
clflush size	: 64
cache_alignment	: 64
address sizes	: 39 bits physical, 48 bits virtual
power management:

processor	: 7
vendor_id	: GenuineIntel
cpu family	: 6
model		: 167
model name	: 11th Gen Intel(R) Core(TM) i9-11900 @ 2.50GHz
stepping	: 1
microcode	: 0x50
cpu MHz		: 4301.605
cache size	: 16384 KB
physical id	: 0
siblings	: 16
core id		: 7
cpu cores	: 8
apicid		: 14
initial apicid	: 14
fpu		: yes
fpu_exception	: yes
cpuid level	: 27
wp		: yes
flags		: fpu vme de pse tsc msr pae mce cx8 apic sep mtrr pge mca cmov pat pse36 clflush dts acpi mmx fxsr sse sse2 ss ht tm pbe syscall nx pdpe1gb rdtscp lm constant_tsc art arch_perfmon pebs bts rep_good nopl xtopology nonstop_tsc aperfmperf eagerfpu pni pclmulqdq dtes64 monitor ds_cpl vmx smx est tm2 ssse3 sdbg fma cx16 xtpr pdcm pcid sse4_1 sse4_2 x2apic movbe popcnt tsc_deadline_timer aes xsave avx f16c rdrand lahf_lm abm 3dnowprefetch epb invpcid_single intel_pt ssbd ibrs ibpb stibp ibrs_enhanced tpr_shadow vnmi flexpriority ept vpid fsgsbase tsc_adjust bmi1 avx2 smep bmi2 erms invpcid mpx avx512f avx512dq rdseed adx smap avx512ifma clflushopt avx512cd sha_ni avx512bw avx512vl xsaveopt xsavec xgetbv1 dtherm ida arat pln pts hwp hwp_notify hwp_act_window hwp_epp hwp_pkg_req avx512vbmi umip pku ospke avx512_vbmi2 gfni vaes vpclmulqdq avx512_vnni avx512_bitalg avx512_vpopcntdq md_clear spec_ctrl intel_stibp flush_l1d arch_capabilities
bogomips	: 4992.00
clflush size	: 64
cache_alignment	: 64
address sizes	: 39 bits physical, 48 bits virtual
power management:

processor	: 8
vendor_id	: GenuineIntel
cpu family	: 6
model		: 167
model name	: 11th Gen Intel(R) Core(TM) i9-11900 @ 2.50GHz
stepping	: 1
microcode	: 0x50
cpu MHz		: 3428.344
cache size	: 16384 KB
physical id	: 0
siblings	: 16
core id		: 0
cpu cores	: 8
apicid		: 1
initial apicid	: 1
fpu		: yes
fpu_exception	: yes
cpuid level	: 27
wp		: yes
flags		: fpu vme de pse tsc msr pae mce cx8 apic sep mtrr pge mca cmov pat pse36 clflush dts acpi mmx fxsr sse sse2 ss ht tm pbe syscall nx pdpe1gb rdtscp lm constant_tsc art arch_perfmon pebs bts rep_good nopl xtopology nonstop_tsc aperfmperf eagerfpu pni pclmulqdq dtes64 monitor ds_cpl vmx smx est tm2 ssse3 sdbg fma cx16 xtpr pdcm pcid sse4_1 sse4_2 x2apic movbe popcnt tsc_deadline_timer aes xsave avx f16c rdrand lahf_lm abm 3dnowprefetch epb invpcid_single intel_pt ssbd ibrs ibpb stibp ibrs_enhanced tpr_shadow vnmi flexpriority ept vpid fsgsbase tsc_adjust bmi1 avx2 smep bmi2 erms invpcid mpx avx512f avx512dq rdseed adx smap avx512ifma clflushopt avx512cd sha_ni avx512bw avx512vl xsaveopt xsavec xgetbv1 dtherm ida arat pln pts hwp hwp_notify hwp_act_window hwp_epp hwp_pkg_req avx512vbmi umip pku ospke avx512_vbmi2 gfni vaes vpclmulqdq avx512_vnni avx512_bitalg avx512_vpopcntdq md_clear spec_ctrl intel_stibp flush_l1d arch_capabilities
bogomips	: 4992.00
clflush size	: 64
cache_alignment	: 64
address sizes	: 39 bits physical, 48 bits virtual
power management:

processor	: 9
vendor_id	: GenuineIntel
cpu family	: 6
model		: 167
model name	: 11th Gen Intel(R) Core(TM) i9-11900 @ 2.50GHz
stepping	: 1
microcode	: 0x50
cpu MHz		: 3660.736
cache size	: 16384 KB
physical id	: 0
siblings	: 16
core id		: 1
cpu cores	: 8
apicid		: 3
initial apicid	: 3
fpu		: yes
fpu_exception	: yes
cpuid level	: 27
wp		: yes
flags		: fpu vme de pse tsc msr pae mce cx8 apic sep mtrr pge mca cmov pat pse36 clflush dts acpi mmx fxsr sse sse2 ss ht tm pbe syscall nx pdpe1gb rdtscp lm constant_tsc art arch_perfmon pebs bts rep_good nopl xtopology nonstop_tsc aperfmperf eagerfpu pni pclmulqdq dtes64 monitor ds_cpl vmx smx est tm2 ssse3 sdbg fma cx16 xtpr pdcm pcid sse4_1 sse4_2 x2apic movbe popcnt tsc_deadline_timer aes xsave avx f16c rdrand lahf_lm abm 3dnowprefetch epb invpcid_single intel_pt ssbd ibrs ibpb stibp ibrs_enhanced tpr_shadow vnmi flexpriority ept vpid fsgsbase tsc_adjust bmi1 avx2 smep bmi2 erms invpcid mpx avx512f avx512dq rdseed adx smap avx512ifma clflushopt avx512cd sha_ni avx512bw avx512vl xsaveopt xsavec xgetbv1 dtherm ida arat pln pts hwp hwp_notify hwp_act_window hwp_epp hwp_pkg_req avx512vbmi umip pku ospke avx512_vbmi2 gfni vaes vpclmulqdq avx512_vnni avx512_bitalg avx512_vpopcntdq md_clear spec_ctrl intel_stibp flush_l1d arch_capabilities
bogomips	: 4992.00
clflush size	: 64
cache_alignment	: 64
address sizes	: 39 bits physical, 48 bits virtual
power management:

processor	: 10
vendor_id	: GenuineIntel
cpu family	: 6
model		: 167
model name	: 11th Gen Intel(R) Core(TM) i9-11900 @ 2.50GHz
stepping	: 1
microcode	: 0x50
cpu MHz		: 3466.644
cache size	: 16384 KB
physical id	: 0
siblings	: 16
core id		: 2
cpu cores	: 8
apicid		: 5
initial apicid	: 5
fpu		: yes
fpu_exception	: yes
cpuid level	: 27
wp		: yes
flags		: fpu vme de pse tsc msr pae mce cx8 apic sep mtrr pge mca cmov pat pse36 clflush dts acpi mmx fxsr sse sse2 ss ht tm pbe syscall nx pdpe1gb rdtscp lm constant_tsc art arch_perfmon pebs bts rep_good nopl xtopology nonstop_tsc aperfmperf eagerfpu pni pclmulqdq dtes64 monitor ds_cpl vmx smx est tm2 ssse3 sdbg fma cx16 xtpr pdcm pcid sse4_1 sse4_2 x2apic movbe popcnt tsc_deadline_timer aes xsave avx f16c rdrand lahf_lm abm 3dnowprefetch epb invpcid_single intel_pt ssbd ibrs ibpb stibp ibrs_enhanced tpr_shadow vnmi flexpriority ept vpid fsgsbase tsc_adjust bmi1 avx2 smep bmi2 erms invpcid mpx avx512f avx512dq rdseed adx smap avx512ifma clflushopt avx512cd sha_ni avx512bw avx512vl xsaveopt xsavec xgetbv1 dtherm ida arat pln pts hwp hwp_notify hwp_act_window hwp_epp hwp_pkg_req avx512vbmi umip pku ospke avx512_vbmi2 gfni vaes vpclmulqdq avx512_vnni avx512_bitalg avx512_vpopcntdq md_clear spec_ctrl intel_stibp flush_l1d arch_capabilities
bogomips	: 4992.00
clflush size	: 64
cache_alignment	: 64
address sizes	: 39 bits physical, 48 bits virtual
power management:

processor	: 11
vendor_id	: GenuineIntel
cpu family	: 6
model		: 167
model name	: 11th Gen Intel(R) Core(TM) i9-11900 @ 2.50GHz
stepping	: 1
microcode	: 0x50
cpu MHz		: 4143.371
cache size	: 16384 KB
physical id	: 0
siblings	: 16
core id		: 3
cpu cores	: 8
apicid		: 7
initial apicid	: 7
fpu		: yes
fpu_exception	: yes
cpuid level	: 27
wp		: yes
flags		: fpu vme de pse tsc msr pae mce cx8 apic sep mtrr pge mca cmov pat pse36 clflush dts acpi mmx fxsr sse sse2 ss ht tm pbe syscall nx pdpe1gb rdtscp lm constant_tsc art arch_perfmon pebs bts rep_good nopl xtopology nonstop_tsc aperfmperf eagerfpu pni pclmulqdq dtes64 monitor ds_cpl vmx smx est tm2 ssse3 sdbg fma cx16 xtpr pdcm pcid sse4_1 sse4_2 x2apic movbe popcnt tsc_deadline_timer aes xsave avx f16c rdrand lahf_lm abm 3dnowprefetch epb invpcid_single intel_pt ssbd ibrs ibpb stibp ibrs_enhanced tpr_shadow vnmi flexpriority ept vpid fsgsbase tsc_adjust bmi1 avx2 smep bmi2 erms invpcid mpx avx512f avx512dq rdseed adx smap avx512ifma clflushopt avx512cd sha_ni avx512bw avx512vl xsaveopt xsavec xgetbv1 dtherm ida arat pln pts hwp hwp_notify hwp_act_window hwp_epp hwp_pkg_req avx512vbmi umip pku ospke avx512_vbmi2 gfni vaes vpclmulqdq avx512_vnni avx512_bitalg avx512_vpopcntdq md_clear spec_ctrl intel_stibp flush_l1d arch_capabilities
bogomips	: 4992.00
clflush size	: 64
cache_alignment	: 64
address sizes	: 39 bits physical, 48 bits virtual
power management:

processor	: 12
vendor_id	: GenuineIntel
cpu family	: 6
model		: 167
model name	: 11th Gen Intel(R) Core(TM) i9-11900 @ 2.50GHz
stepping	: 1
microcode	: 0x50
cpu MHz		: 1251.983
cache size	: 16384 KB
physical id	: 0
siblings	: 16
core id		: 4
cpu cores	: 8
apicid		: 9
initial apicid	: 9
fpu		: yes
fpu_exception	: yes
cpuid level	: 27
wp		: yes
flags		: fpu vme de pse tsc msr pae mce cx8 apic sep mtrr pge mca cmov pat pse36 clflush dts acpi mmx fxsr sse sse2 ss ht tm pbe syscall nx pdpe1gb rdtscp lm constant_tsc art arch_perfmon pebs bts rep_good nopl xtopology nonstop_tsc aperfmperf eagerfpu pni pclmulqdq dtes64 monitor ds_cpl vmx smx est tm2 ssse3 sdbg fma cx16 xtpr pdcm pcid sse4_1 sse4_2 x2apic movbe popcnt tsc_deadline_timer aes xsave avx f16c rdrand lahf_lm abm 3dnowprefetch epb invpcid_single intel_pt ssbd ibrs ibpb stibp ibrs_enhanced tpr_shadow vnmi flexpriority ept vpid fsgsbase tsc_adjust bmi1 avx2 smep bmi2 erms invpcid mpx avx512f avx512dq rdseed adx smap avx512ifma clflushopt avx512cd sha_ni avx512bw avx512vl xsaveopt xsavec xgetbv1 dtherm ida arat pln pts hwp hwp_notify hwp_act_window hwp_epp hwp_pkg_req avx512vbmi umip pku ospke avx512_vbmi2 gfni vaes vpclmulqdq avx512_vnni avx512_bitalg avx512_vpopcntdq md_clear spec_ctrl intel_stibp flush_l1d arch_capabilities
bogomips	: 4992.00
clflush size	: 64
cache_alignment	: 64
address sizes	: 39 bits physical, 48 bits virtual
power management:

processor	: 13
vendor_id	: GenuineIntel
cpu family	: 6
model		: 167
model name	: 11th Gen Intel(R) Core(TM) i9-11900 @ 2.50GHz
stepping	: 1
microcode	: 0x50
cpu MHz		: 3887.023
cache size	: 16384 KB
physical id	: 0
siblings	: 16
core id		: 5
cpu cores	: 8
apicid		: 11
initial apicid	: 11
fpu		: yes
fpu_exception	: yes
cpuid level	: 27
wp		: yes
flags		: fpu vme de pse tsc msr pae mce cx8 apic sep mtrr pge mca cmov pat pse36 clflush dts acpi mmx fxsr sse sse2 ss ht tm pbe syscall nx pdpe1gb rdtscp lm constant_tsc art arch_perfmon pebs bts rep_good nopl xtopology nonstop_tsc aperfmperf eagerfpu pni pclmulqdq dtes64 monitor ds_cpl vmx smx est tm2 ssse3 sdbg fma cx16 xtpr pdcm pcid sse4_1 sse4_2 x2apic movbe popcnt tsc_deadline_timer aes xsave avx f16c rdrand lahf_lm abm 3dnowprefetch epb invpcid_single intel_pt ssbd ibrs ibpb stibp ibrs_enhanced tpr_shadow vnmi flexpriority ept vpid fsgsbase tsc_adjust bmi1 avx2 smep bmi2 erms invpcid mpx avx512f avx512dq rdseed adx smap avx512ifma clflushopt avx512cd sha_ni avx512bw avx512vl xsaveopt xsavec xgetbv1 dtherm ida arat pln pts hwp hwp_notify hwp_act_window hwp_epp hwp_pkg_req avx512vbmi umip pku ospke avx512_vbmi2 gfni vaes vpclmulqdq avx512_vnni avx512_bitalg avx512_vpopcntdq md_clear spec_ctrl intel_stibp flush_l1d arch_capabilities
bogomips	: 4992.00
clflush size	: 64
cache_alignment	: 64
address sizes	: 39 bits physical, 48 bits virtual
power management:

processor	: 14
vendor_id	: GenuineIntel
cpu family	: 6
model		: 167
model name	: 11th Gen Intel(R) Core(TM) i9-11900 @ 2.50GHz
stepping	: 1
microcode	: 0x50
cpu MHz		: 3487.396
cache size	: 16384 KB
physical id	: 0
siblings	: 16
core id		: 6
cpu cores	: 8
apicid		: 13
initial apicid	: 13
fpu		: yes
fpu_exception	: yes
cpuid level	: 27
wp		: yes
flags		: fpu vme de pse tsc msr pae mce cx8 apic sep mtrr pge mca cmov pat pse36 clflush dts acpi mmx fxsr sse sse2 ss ht tm pbe syscall nx pdpe1gb rdtscp lm constant_tsc art arch_perfmon pebs bts rep_good nopl xtopology nonstop_tsc aperfmperf eagerfpu pni pclmulqdq dtes64 monitor ds_cpl vmx smx est tm2 ssse3 sdbg fma cx16 xtpr pdcm pcid sse4_1 sse4_2 x2apic movbe popcnt tsc_deadline_timer aes xsave avx f16c rdrand lahf_lm abm 3dnowprefetch epb invpcid_single intel_pt ssbd ibrs ibpb stibp ibrs_enhanced tpr_shadow vnmi flexpriority ept vpid fsgsbase tsc_adjust bmi1 avx2 smep bmi2 erms invpcid mpx avx512f avx512dq rdseed adx smap avx512ifma clflushopt avx512cd sha_ni avx512bw avx512vl xsaveopt xsavec xgetbv1 dtherm ida arat pln pts hwp hwp_notify hwp_act_window hwp_epp hwp_pkg_req avx512vbmi umip pku ospke avx512_vbmi2 gfni vaes vpclmulqdq avx512_vnni avx512_bitalg avx512_vpopcntdq md_clear spec_ctrl intel_stibp flush_l1d arch_capabilities
bogomips	: 4992.00
clflush size	: 64
cache_alignment	: 64
address sizes	: 39 bits physical, 48 bits virtual
power management:

processor	: 15
vendor_id	: GenuineIntel
cpu family	: 6
model		: 167
model name	: 11th Gen Intel(R) Core(TM) i9-11900 @ 2.50GHz
stepping	: 1
microcode	: 0x50
cpu MHz		: 4350.128
cache size	: 16384 KB
physical id	: 0
siblings	: 16
core id		: 7
cpu cores	: 8
apicid		: 15
initial apicid	: 15
fpu		: yes
fpu_exception	: yes
cpuid level	: 27
wp		: yes
flags		: fpu vme de pse tsc msr pae mce cx8 apic sep mtrr pge mca cmov pat pse36 clflush dts acpi mmx fxsr sse sse2 ss ht tm pbe syscall nx pdpe1gb rdtscp lm constant_tsc art arch_perfmon pebs bts rep_good nopl xtopology nonstop_tsc aperfmperf eagerfpu pni pclmulqdq dtes64 monitor ds_cpl vmx smx est tm2 ssse3 sdbg fma cx16 xtpr pdcm pcid sse4_1 sse4_2 x2apic movbe popcnt tsc_deadline_timer aes xsave avx f16c rdrand lahf_lm abm 3dnowprefetch epb invpcid_single intel_pt ssbd ibrs ibpb stibp ibrs_enhanced tpr_shadow vnmi flexpriority ept vpid fsgsbase tsc_adjust bmi1 avx2 smep bmi2 erms invpcid mpx avx512f avx512dq rdseed adx smap avx512ifma clflushopt avx512cd sha_ni avx512bw avx512vl xsaveopt xsavec xgetbv1 dtherm ida arat pln pts hwp hwp_notify hwp_act_window hwp_epp hwp_pkg_req avx512vbmi umip pku ospke avx512_vbmi2 gfni vaes vpclmulqdq avx512_vnni avx512_bitalg avx512_vpopcntdq md_clear spec_ctrl intel_stibp flush_l1d arch_capabilities
bogomips	: 4992.00
clflush size	: 64
cache_alignment	: 64
address sizes	: 39 bits physical, 48 bits virtual
power management:



Memory: 4k page, physical 65695580k(57912860k free), swap 2097148k(998008k free)

vm_info: OpenJDK 64-Bit Server VM (25.332-b09) for linux-amd64 JRE (1.8.0_332-b09), built on May 10 2022 14:30:58 by "mockbuild" with gcc 4.8.5 20150623 (Red Hat 4.8.5-44)

time: Sun Oct 30 18:05:58 2022
timezone: PDT
elapsed time: 0.041412 seconds (0d 0h 0m 0s)

